<?xml version="1.0" encoding="UTF-8"?>
<!-- Generated by org.testng.reporters.JUnitReportReporter -->
<testsuite skipped="0" hostname="DESKTOP-GK61F68" name="iorunner.Runner" tests="2" failures="0" timestamp="2021-06-26T16:30:37 IST" time="35.513" errors="0">
  <testcase name="runScenario" time="17.767" classname="iorunner.Runner"/>
  <system-out/>
  <testcase name="runScenario" time="17.746" classname="iorunner.Runner"/>
  <system-out/>
</testsuite> <!-- iorunner.Runner -->
